<?xml version="1.0" encoding="UTF-8"?>
<!-- Generated by org.testng.reporters.JUnitReportReporter -->
<testsuite hostname="LAPTOP-G5CSE2DK" failures="0" tests="4" name="test.demo3" time="0.011" errors="0" timestamp="2022-03-09T20:36:05 CET" skipped="1">
  <testcase classname="test.demo3" name="MasterPage2" time="0.008"/>
  <system-out/>
  <testcase classname="test.demo3" name="LoginPage" time="0.001"/>
  <system-out/>
  <testcase classname="test.demo3" name="HomePage" time="0.002"/>
  <system-out/>
  <testcase classname="test.demo3" name="MasterPage">
    <skipped/>
  </testcase> <!-- MasterPage -->
  <system-out/>
</testsuite> <!-- test.demo3 -->
