<?xml version="1.0" encoding="UTF-8"?>
<!-- Generated by org.testng.reporters.JUnitReportReporter -->
<testsuite hostname="LAPTOP-G5CSE2DK" failures="0" tests="4" name="test.demo4" time="0.012" errors="0" timestamp="2022-03-10T13:59:57 CET" skipped="1">
  <testcase classname="test.demo4" name="MasterPage2" time="0.010"/>
  <system-out/>
  <testcase classname="test.demo4" name="HomePage" time="0.001"/>
  <system-out/>
  <testcase classname="test.demo4" name="LoginPage" time="0.001"/>
  <system-out/>
  <testcase classname="test.demo4" name="MasterPage">
    <skipped/>
  </testcase> <!-- MasterPage -->
  <system-out/>
</testsuite> <!-- test.demo4 -->
