<?xml version="1.0" encoding="UTF-8"?>
<!-- Generated by org.testng.reporters.JUnitReportReporter -->
<testsuite hostname="LAPTOP-G5CSE2DK" failures="0" tests="3" name="test.demo1" time="0.006" errors="0" timestamp="2022-04-29T20:59:52 BST" skipped="0">
  <testcase classname="test.demo1" name="Run" time="0.005"/>
  <system-out/>
  <testcase classname="test.demo1" name="Second" time="0.000"/>
  <system-out/>
  <testcase classname="test.demo1" name="Run2" time="0.001"/>
  <system-out/>
</testsuite> <!-- test.demo1 -->
