<?xml version="1.0" encoding="UTF-8"?>
<!-- Generated by org.testng.reporters.JUnitReportReporter -->
<testsuite hostname="LAPTOP-G5CSE2DK" failures="0" tests="4" name="test.demo5" time="0.011" errors="0" timestamp="2022-03-10T14:24:42 CET" skipped="0">
  <testcase classname="test.demo5" name="HomePage" time="0.007"/>
  <system-out/>
  <testcase classname="test.demo5" name="MasterPage" time="0.001"/>
  <system-out/>
  <testcase classname="test.demo5" name="LoginPage" time="0.001"/>
  <system-out/>
  <testcase classname="test.demo5" name="MasterPage2" time="0.002"/>
  <system-out/>
</testsuite> <!-- test.demo5 -->
